# JRE version: OpenJDK Runtime Environment Temurin-21.0.5+11 (21.0.5+11) (build 21.0.5+11-LTS)
# Java VM: OpenJDK 64-Bit Server VM Temurin-21.0.5+11 (21.0.5+11-LTS, mixed mode, sharing, tiered, compressed oops, compressed class ptrs, parallel gc, windows-amd64)
GC Precious Log:
 CardTable entry size: 512
 CPUs: 12 total, 12 available
 Memory: 16267M
 Large Page Support: Disabled
 NUMA Support: Disabled
 Compressed Oops: Enabled (32-bit)
 Alignments: Space 512K, Generation 512K, Heap 2M
 Heap Min Capacity: 100M
 Heap Initial Capacity: 100M
 Heap Max Capacity: 1G
 Pre-touch: Disabled
 Parallel Workers: 10
Heap:
 PSYoungGen      total 18432K, used 9751K [0x00000000eab00000, 0x00000000ec980000, 0x0000000100000000)
  eden space 16384K, 47% used [0x00000000eab00000,0x00000000eb28bf38,0x00000000ebb00000)
  from space 2048K, 98% used [0x00000000ec080000,0x00000000ec27a000,0x00000000ec280000)
  to   space 5632K, 0% used [0x00000000ebb00000,0x00000000ebb00000,0x00000000ec080000)
 ParOldGen       total 68608K, used 40959K [0x00000000c0000000, 0x00000000c4300000, 0x00000000eab00000)
  object space 68608K, 59% used [0x00000000c0000000,0x00000000c27ffe48,0x00000000c4300000)
 Metaspace       used 43421K, committed 44544K, reserved 1114112K
  class space    used 4340K, committed 4864K, reserved 1048576K
GC Heap History (20 events):
Event: 8.765 GC heap before
{Heap before GC invocations=17 (full 2):
 PSYoungGen      total 22528K, used 22016K [0x00000000eab00000, 0x00000000ec780000, 0x0000000100000000)
  eden space 22016K, 100% used [0x00000000eab00000,0x00000000ec080000,0x00000000ec080000)
  from space 512K, 0% used [0x00000000ec500000,0x00000000ec500000,0x00000000ec580000)
  to   space 3584K, 0% used [0x00000000ec080000,0x00000000ec080000,0x00000000ec400000)
 ParOldGen       total 68608K, used 29112K [0x00000000c0000000, 0x00000000c4300000, 0x00000000eab00000)
  object space 68608K, 42% used [0x00000000c0000000,0x00000000c1c6e128,0x00000000c4300000)
 Metaspace       used 35513K, committed 36608K, reserved 1114112K
  class space    used 3495K, committed 4032K, reserved 1048576K
}
Event: 8.767 GC heap after
{Heap after GC invocations=17 (full 2):
 PSYoungGen      total 24064K, used 1950K [0x00000000eab00000, 0x00000000ec580000, 0x0000000100000000)
  eden space 22016K, 0% used [0x00000000eab00000,0x00000000eab00000,0x00000000ec080000)
  from space 2048K, 95% used [0x00000000ec080000,0x00000000ec267a90,0x00000000ec280000)
  to   space 2560K, 0% used [0x00000000ec300000,0x00000000ec300000,0x00000000ec580000)
 ParOldGen       total 68608K, used 29120K [0x00000000c0000000, 0x00000000c4300000, 0x00000000eab00000)
  object space 68608K, 42% used [0x00000000c0000000,0x00000000c1c70128,0x00000000c4300000)
 Metaspace       used 35513K, committed 36608K, reserved 1114112K
  class space    used 3495K, committed 4032K, reserved 1048576K
}
Event: 8.889 GC heap before
{Heap before GC invocations=18 (full 2):
 PSYoungGen      total 24064K, used 23966K [0x00000000eab00000, 0x00000000ec580000, 0x0000000100000000)
  eden space 22016K, 99% used [0x00000000eab00000,0x00000000ec07ffe0,0x00000000ec080000)
  from space 2048K, 95% used [0x00000000ec080000,0x00000000ec267a90,0x00000000ec280000)
  to   space 2560K, 0% used [0x00000000ec300000,0x00000000ec300000,0x00000000ec580000)
 ParOldGen       total 68608K, used 29120K [0x00000000c0000000, 0x00000000c4300000, 0x00000000eab00000)
  object space 68608K, 42% used [0x00000000c0000000,0x00000000c1c70128,0x00000000c4300000)
 Metaspace       used 35968K, committed 37056K, reserved 1114112K
  class space    used 3535K, committed 4032K, reserved 1048576K
}
Event: 8.890 GC heap after
{Heap after GC invocations=18 (full 2):
 PSYoungGen      total 22528K, used 224K [0x00000000eab00000, 0x00000000ec380000, 0x0000000100000000)
  eden space 22016K, 0% used [0x00000000eab00000,0x00000000eab00000,0x00000000ec080000)
  from space 512K, 43% used [0x00000000ec300000,0x00000000ec338000,0x00000000ec380000)
  to   space 1024K, 0% used [0x00000000ec180000,0x00000000ec180000,0x00000000ec280000)
 ParOldGen       total 68608K, used 29701K [0x00000000c0000000, 0x00000000c4300000, 0x00000000eab00000)
  object space 68608K, 43% used [0x00000000c0000000,0x00000000c1d016c0,0x00000000c4300000)
 Metaspace       used 35968K, committed 37056K, reserved 1114112K
  class space    used 3535K, committed 4032K, reserved 1048576K
}
Event: 9.370 GC heap before
{Heap before GC invocations=19 (full 2):
 PSYoungGen      total 22528K, used 22189K [0x00000000eab00000, 0x00000000ec380000, 0x0000000100000000)
  eden space 22016K, 99% used [0x00000000eab00000,0x00000000ec073638,0x00000000ec080000)
  from space 512K, 43% used [0x00000000ec300000,0x00000000ec338000,0x00000000ec380000)
  to   space 1024K, 0% used [0x00000000ec180000,0x00000000ec180000,0x00000000ec280000)
 ParOldGen       total 68608K, used 29701K [0x00000000c0000000, 0x00000000c4300000, 0x00000000eab00000)
  object space 68608K, 43% used [0x00000000c0000000,0x00000000c1d016c0,0x00000000c4300000)
 Metaspace       used 37410K, committed 38464K, reserved 1114112K
  class space    used 3708K, committed 4160K, reserved 1048576K
}
Event: 9.371 GC heap after
{Heap after GC invocations=19 (full 2):
 PSYoungGen      total 23040K, used 512K [0x00000000eab00000, 0x00000000ec380000, 0x0000000100000000)
  eden space 22016K, 0% used [0x00000000eab00000,0x00000000eab00000,0x00000000ec080000)
  from space 1024K, 50% used [0x00000000ec180000,0x00000000ec200000,0x00000000ec280000)
  to   space 1024K, 0% used [0x00000000ec280000,0x00000000ec280000,0x00000000ec380000)
 ParOldGen       total 68608K, used 29741K [0x00000000c0000000, 0x00000000c4300000, 0x00000000eab00000)
  object space 68608K, 43% used [0x00000000c0000000,0x00000000c1d0b6c0,0x00000000c4300000)
 Metaspace       used 37410K, committed 38464K, reserved 1114112K
  class space    used 3708K, committed 4160K, reserved 1048576K
}
Event: 9.658 GC heap before
{Heap before GC invocations=20 (full 2):
 PSYoungGen      total 23040K, used 22528K [0x00000000eab00000, 0x00000000ec380000, 0x0000000100000000)
  eden space 22016K, 100% used [0x00000000eab00000,0x00000000ec080000,0x00000000ec080000)
  from space 1024K, 50% used [0x00000000ec180000,0x00000000ec200000,0x00000000ec280000)
  to   space 1024K, 0% used [0x00000000ec280000,0x00000000ec280000,0x00000000ec380000)
 ParOldGen       total 68608K, used 29741K [0x00000000c0000000, 0x00000000c4300000, 0x00000000eab00000)
  object space 68608K, 43% used [0x00000000c0000000,0x00000000c1d0b6c0,0x00000000c4300000)
 Metaspace       used 39087K, committed 40128K, reserved 1114112K
  class space    used 3888K, committed 4352K, reserved 1048576K
}
Event: 9.659 GC heap after
{Heap after GC invocations=20 (full 2):
 PSYoungGen      total 23040K, used 1024K [0x00000000eab00000, 0x00000000ec480000, 0x0000000100000000)
  eden space 22016K, 0% used [0x00000000eab00000,0x00000000eab00000,0x00000000ec080000)
  from space 1024K, 100% used [0x00000000ec280000,0x00000000ec380000,0x00000000ec380000)
  to   space 2048K, 0% used [0x00000000ec080000,0x00000000ec080000,0x00000000ec280000)
 ParOldGen       total 68608K, used 30173K [0x00000000c0000000, 0x00000000c4300000, 0x00000000eab00000)
  object space 68608K, 43% used [0x00000000c0000000,0x00000000c1d776c0,0x00000000c4300000)
 Metaspace       used 39087K, committed 40128K, reserved 1114112K
  class space    used 3888K, committed 4352K, reserved 1048576K
}
Event: 10.887 GC heap before
{Heap before GC invocations=21 (full 2):
 PSYoungGen      total 23040K, used 23040K [0x00000000eab00000, 0x00000000ec480000, 0x0000000100000000)
  eden space 22016K, 100% used [0x00000000eab00000,0x00000000ec080000,0x00000000ec080000)
  from space 1024K, 100% used [0x00000000ec280000,0x00000000ec380000,0x00000000ec380000)
  to   space 2048K, 0% used [0x00000000ec080000,0x00000000ec080000,0x00000000ec280000)
 ParOldGen       total 68608K, used 30173K [0x00000000c0000000, 0x00000000c4300000, 0x00000000eab00000)
  object space 68608K, 43% used [0x00000000c0000000,0x00000000c1d776c0,0x00000000c4300000)
 Metaspace       used 41018K, committed 42112K, reserved 1114112K
  class space    used 4110K, committed 4608K, reserved 1048576K
}
Event: 10.888 GC heap after
{Heap after GC invocations=21 (full 2):
 PSYoungGen      total 23552K, used 1303K [0x00000000eab00000, 0x00000000ec380000, 0x0000000100000000)
  eden space 22016K, 0% used [0x00000000eab00000,0x00000000eab00000,0x00000000ec080000)
  from space 1536K, 84% used [0x00000000ec080000,0x00000000ec1c5fe8,0x00000000ec200000)
  to   space 1536K, 0% used [0x00000000ec200000,0x00000000ec200000,0x00000000ec380000)
 ParOldGen       total 68608K, used 31181K [0x00000000c0000000, 0x00000000c4300000, 0x00000000eab00000)
  object space 68608K, 45% used [0x00000000c0000000,0x00000000c1e736c0,0x00000000c4300000)
 Metaspace       used 41018K, committed 42112K, reserved 1114112K
  class space    used 4110K, committed 4608K, reserved 1048576K
}
Event: 10.930 GC heap before
{Heap before GC invocations=22 (full 2):
 PSYoungGen      total 23552K, used 23319K [0x00000000eab00000, 0x00000000ec380000, 0x0000000100000000)
  eden space 22016K, 100% used [0x00000000eab00000,0x00000000ec080000,0x00000000ec080000)
  from space 1536K, 84% used [0x00000000ec080000,0x00000000ec1c5fe8,0x00000000ec200000)
  to   space 1536K, 0% used [0x00000000ec200000,0x00000000ec200000,0x00000000ec380000)
 ParOldGen       total 68608K, used 31181K [0x00000000c0000000, 0x00000000c4300000, 0x00000000eab00000)
  object space 68608K, 45% used [0x00000000c0000000,0x00000000c1e736c0,0x00000000c4300000)
 Metaspace       used 41022K, committed 42112K, reserved 1114112K
  class space    used 4110K, committed 4608K, reserved 1048576K
}
Event: 10.935 GC heap after
{Heap after GC invocations=22 (full 2):
 PSYoungGen      total 21504K, used 1536K [0x00000000eab00000, 0x00000000ec780000, 0x0000000100000000)
  eden space 19968K, 0% used [0x00000000eab00000,0x00000000eab00000,0x00000000ebe80000)
  from space 1536K, 100% used [0x00000000ec200000,0x00000000ec380000,0x00000000ec380000)
  to   space 3584K, 0% used [0x00000000ebe80000,0x00000000ebe80000,0x00000000ec200000)
 ParOldGen       total 68608K, used 32583K [0x00000000c0000000, 0x00000000c4300000, 0x00000000eab00000)
  object space 68608K, 47% used [0x00000000c0000000,0x00000000c1fd1fa8,0x00000000c4300000)
 Metaspace       used 41022K, committed 42112K, reserved 1114112K
  class space    used 4110K, committed 4608K, reserved 1048576K
}
Event: 10.970 GC heap before
{Heap before GC invocations=23 (full 2):
 PSYoungGen      total 21504K, used 21504K [0x00000000eab00000, 0x00000000ec780000, 0x0000000100000000)
  eden space 19968K, 100% used [0x00000000eab00000,0x00000000ebe80000,0x00000000ebe80000)
  from space 1536K, 100% used [0x00000000ec200000,0x00000000ec380000,0x00000000ec380000)
  to   space 3584K, 0% used [0x00000000ebe80000,0x00000000ebe80000,0x00000000ec200000)
 ParOldGen       total 68608K, used 32583K [0x00000000c0000000, 0x00000000c4300000, 0x00000000eab00000)
  object space 68608K, 47% used [0x00000000c0000000,0x00000000c1fd1fa8,0x00000000c4300000)
 Metaspace       used 41023K, committed 42112K, reserved 1114112K
  class space    used 4110K, committed 4608K, reserved 1048576K
}
Event: 10.973 GC heap after
{Heap after GC invocations=23 (full 2):
 PSYoungGen      total 22528K, used 2180K [0x00000000eab00000, 0x00000000ec380000, 0x0000000100000000)
  eden space 19968K, 0% used [0x00000000eab00000,0x00000000eab00000,0x00000000ebe80000)
  from space 2560K, 85% used [0x00000000ebe80000,0x00000000ec0a1000,0x00000000ec100000)
  to   space 2560K, 0% used [0x00000000ec100000,0x00000000ec100000,0x00000000ec380000)
 ParOldGen       total 68608K, used 34124K [0x00000000c0000000, 0x00000000c4300000, 0x00000000eab00000)
  object space 68608K, 49% used [0x00000000c0000000,0x00000000c21530a8,0x00000000c4300000)
 Metaspace       used 41023K, committed 42112K, reserved 1114112K
  class space    used 4110K, committed 4608K, reserved 1048576K
}
Event: 10.999 GC heap before
{Heap before GC invocations=24 (full 2):
 PSYoungGen      total 22528K, used 22148K [0x00000000eab00000, 0x00000000ec380000, 0x0000000100000000)
  eden space 19968K, 100% used [0x00000000eab00000,0x00000000ebe80000,0x00000000ebe80000)
  from space 2560K, 85% used [0x00000000ebe80000,0x00000000ec0a1000,0x00000000ec100000)
  to   space 2560K, 0% used [0x00000000ec100000,0x00000000ec100000,0x00000000ec380000)
 ParOldGen       total 68608K, used 34124K [0x00000000c0000000, 0x00000000c4300000, 0x00000000eab00000)
  object space 68608K, 49% used [0x00000000c0000000,0x00000000c21530a8,0x00000000c4300000)
 Metaspace       used 41023K, committed 42112K, reserved 1114112K
  class space    used 4110K, committed 4608K, reserved 1048576K
}
Event: 11.001 GC heap after
{Heap after GC invocations=24 (full 2):
 PSYoungGen      total 22528K, used 2080K [0x00000000eab00000, 0x00000000ec380000, 0x0000000100000000)
  eden space 19968K, 0% used [0x00000000eab00000,0x00000000eab00000,0x00000000ebe80000)
  from space 2560K, 81% used [0x00000000ec100000,0x00000000ec308010,0x00000000ec380000)
  to   space 2560K, 0% used [0x00000000ebe80000,0x00000000ebe80000,0x00000000ec100000)
 ParOldGen       total 68608K, used 36192K [0x00000000c0000000, 0x00000000c4300000, 0x00000000eab00000)
  object space 68608K, 52% used [0x00000000c0000000,0x00000000c23580a8,0x00000000c4300000)
 Metaspace       used 41023K, committed 42112K, reserved 1114112K
  class space    used 4110K, committed 4608K, reserved 1048576K
}
Event: 11.038 GC heap before
{Heap before GC invocations=25 (full 2):
 PSYoungGen      total 22528K, used 22048K [0x00000000eab00000, 0x00000000ec380000, 0x0000000100000000)
  eden space 19968K, 100% used [0x00000000eab00000,0x00000000ebe80000,0x00000000ebe80000)
  from space 2560K, 81% used [0x00000000ec100000,0x00000000ec308010,0x00000000ec380000)
  to   space 2560K, 0% used [0x00000000ebe80000,0x00000000ebe80000,0x00000000ec100000)
 ParOldGen       total 68608K, used 36192K [0x00000000c0000000, 0x00000000c4300000, 0x00000000eab00000)
  object space 68608K, 52% used [0x00000000c0000000,0x00000000c23580a8,0x00000000c4300000)
 Metaspace       used 41023K, committed 42112K, reserved 1114112K
  class space    used 4110K, committed 4608K, reserved 1048576K
}
Event: 11.041 GC heap after
{Heap after GC invocations=25 (full 2):
 PSYoungGen      total 22016K, used 2008K [0x00000000eab00000, 0x00000000ec280000, 0x0000000100000000)
  eden space 19968K, 0% used [0x00000000eab00000,0x00000000eab00000,0x00000000ebe80000)
  from space 2048K, 98% used [0x00000000ebe80000,0x00000000ec076200,0x00000000ec080000)
  to   space 2048K, 0% used [0x00000000ec080000,0x00000000ec080000,0x00000000ec280000)
 ParOldGen       total 68608K, used 38144K [0x00000000c0000000, 0x00000000c4300000, 0x00000000eab00000)
  object space 68608K, 55% used [0x00000000c0000000,0x00000000c25400b8,0x00000000c4300000)
 Metaspace       used 41023K, committed 42112K, reserved 1114112K
  class space    used 4110K, committed 4608K, reserved 1048576K
}
Event: 14.499 GC heap before
{Heap before GC invocations=26 (full 2):
 PSYoungGen      total 22016K, used 21976K [0x00000000eab00000, 0x00000000ec280000, 0x0000000100000000)
  eden space 19968K, 100% used [0x00000000eab00000,0x00000000ebe80000,0x00000000ebe80000)
  from space 2048K, 98% used [0x00000000ebe80000,0x00000000ec076200,0x00000000ec080000)
  to   space 2048K, 0% used [0x00000000ec080000,0x00000000ec080000,0x00000000ec280000)
 ParOldGen       total 68608K, used 38144K [0x00000000c0000000, 0x00000000c4300000, 0x00000000eab00000)
  object space 68608K, 55% used [0x00000000c0000000,0x00000000c25400b8,0x00000000c4300000)
 Metaspace       used 42775K, committed 43904K, reserved 1114112K
  class space    used 4281K, committed 4800K, reserved 1048576K
}
Event: 14.501 GC heap after
{Heap after GC invocations=26 (full 2):
 PSYoungGen      total 18432K, used 2024K [0x00000000eab00000, 0x00000000ec980000, 0x0000000100000000)
  eden space 16384K, 0% used [0x00000000eab00000,0x00000000eab00000,0x00000000ebb00000)
  from space 2048K, 98% used [0x00000000ec080000,0x00000000ec27a000,0x00000000ec280000)
  to   space 5632K, 0% used [0x00000000ebb00000,0x00000000ebb00000,0x00000000ec080000)
 ParOldGen       total 68608K, used 40959K [0x00000000c0000000, 0x00000000c4300000, 0x00000000eab00000)
  object space 68608K, 59% used [0x00000000c0000000,0x00000000c27ffe48,0x00000000c4300000)
 Metaspace       used 42775K, committed 43904K, reserved 1114112K
  class space    used 4281K, committed 4800K, reserved 1048576K
}

